{"level":"error","message":"SafetyManager: Insufficient funds for planned action.","service":"trend-agent","timestamp":"2026-02-08 17:26:55"}
{"level":"error","message":"SafetyManager: Insufficient funds for planned action.","service":"trend-agent","timestamp":"2026-02-08 17:27:26"}
{"level":"error","message":"SafetyManager: Insufficient funds for planned action.","service":"trend-agent","timestamp":"2026-02-08 17:29:04"}
{"level":"error","message":"❌ Deployment Orchestration Failed: factory runner does not support sending transactions (operation=\"sendTransaction\", code=UNSUPPORTED_OPERATION, version=6.16.0)","service":"trend-agent","timestamp":"2026-02-08 17:32:52"}
{"level":"error","message":"Pipeline: Execution encountered an error: factory runner does not support sending transactions (operation=\"sendTransaction\", code=UNSUPPORTED_OPERATION, version=6.16.0)","service":"trend-agent","timestamp":"2026-02-08 17:32:52"}
{"level":"error","message":"❌ Deployment Orchestration Failed: factory runner does not support sending transactions (operation=\"sendTransaction\", code=UNSUPPORTED_OPERATION, version=6.16.0)","service":"trend-agent","timestamp":"2026-02-08 17:32:53"}
{"level":"error","message":"❌ Deployment Orchestration Failed: factory runner does not support sending transactions (operation=\"sendTransaction\", code=UNSUPPORTED_OPERATION, version=6.16.0)","service":"trend-agent","timestamp":"2026-02-08 17:33:16"}
{"level":"error","message":"Pipeline: Execution encountered an error: factory runner does not support sending transactions (operation=\"sendTransaction\", code=UNSUPPORTED_OPERATION, version=6.16.0)","service":"trend-agent","timestamp":"2026-02-08 17:33:16"}
{"level":"error","message":"❌ Deployment Orchestration Failed: factory runner does not support sending transactions (operation=\"sendTransaction\", code=UNSUPPORTED_OPERATION, version=6.16.0)","service":"trend-agent","timestamp":"2026-02-08 17:33:16"}
{"level":"error","message":"OpenClawScheduler: Error executing OpenClaw command: Command failed: npx openclaw agent --message \"run trend_agent for Nigeria\"\nGateway agent failed; falling back to embedded: Error: Pass --to <E.164>, --session-id, or --agent to choose a session\nError: Pass --to <E.164>, --session-id, or --agent to choose a session\n","service":"trend-agent","timestamp":"2026-02-08 22:00:14"}
{"level":"error","message":"OpenClawScheduler: Failed to trigger Nigeria (Attempt 1/3): Command failed: npx openclaw agent --message \"run trend_agent for Nigeria\"\nGateway agent failed; falling back to embedded: Error: Pass --to <E.164>, --session-id, or --agent to choose a session\nError: Pass --to <E.164>, --session-id, or --agent to choose a session\n","service":"trend-agent","timestamp":"2026-02-08 22:00:14"}
{"level":"error","message":"Planner test failed: Planner is not a constructor","service":"trend-agent","timestamp":"2026-02-10 15:08:45"}
{"level":"error","message":"Failed to get pool address: could not decode result data (value=\"0x\", info={ \"method\": \"getPool\", \"signature\": \"getPool(address,address,uint24)\" }, code=BAD_DATA, version=6.16.0)","service":"trend-agent","timestamp":"2026-02-10 15:26:37"}
{"level":"error","message":"❌ Deployment Orchestration Failed: could not decode result data (value=\"0x\", info={ \"method\": \"getPool\", \"signature\": \"getPool(address,address,uint24)\" }, code=BAD_DATA, version=6.16.0)","service":"trend-agent","timestamp":"2026-02-10 15:26:37"}
{"level":"error","message":"Pipeline: Execution encountered an error: could not decode result data (value=\"0x\", info={ \"method\": \"getPool\", \"signature\": \"getPool(address,address,uint24)\" }, code=BAD_DATA, version=6.16.0)","service":"trend-agent","timestamp":"2026-02-10 15:26:37"}
{"level":"error","message":"Failed to get pool address: could not decode result data (value=\"0x\", info={ \"method\": \"getPool\", \"signature\": \"getPool(address,address,uint24)\" }, code=BAD_DATA, version=6.16.0)","service":"trend-agent","timestamp":"2026-02-10 15:26:37"}
{"level":"error","message":"Failed to add liquidity: execution reverted: LOK","service":"trend-agent","timestamp":"2026-02-10 15:27:44"}
{"level":"error","message":"❌ Deployment Orchestration Failed: execution reverted: LOK","service":"trend-agent","timestamp":"2026-02-10 15:27:44"}
{"level":"error","message":"Pipeline: Execution encountered an error: execution reverted: LOK","service":"trend-agent","timestamp":"2026-02-10 15:27:44"}
{"level":"error","message":"Failed to add liquidity: execution reverted: LOK","service":"trend-agent","timestamp":"2026-02-10 15:27:59"}
{"level":"error","message":"Failed to add liquidity: execution reverted: LOK","service":"trend-agent","timestamp":"2026-02-10 15:43:57"}
{"level":"error","message":"❌ Deployment Orchestration Failed: execution reverted: LOK","service":"trend-agent","timestamp":"2026-02-10 15:43:57"}
{"level":"error","message":"Pipeline: Execution encountered an error: execution reverted: LOK","service":"trend-agent","timestamp":"2026-02-10 15:43:57"}
{"level":"error","message":"Failed to add liquidity: execution reverted: LOK","service":"trend-agent","timestamp":"2026-02-10 15:44:08"}
{"level":"error","message":"Failed to add liquidity: execution reverted: LOK","service":"trend-agent","timestamp":"2026-02-10 15:55:04"}
{"level":"error","message":"❌ Deployment Orchestration Failed: execution reverted: LOK","service":"trend-agent","timestamp":"2026-02-10 15:55:04"}
{"level":"error","message":"Pipeline: Execution encountered an error: execution reverted: LOK","service":"trend-agent","timestamp":"2026-02-10 15:55:04"}
{"level":"error","message":"Failed to add liquidity: execution reverted: LOK","service":"trend-agent","timestamp":"2026-02-10 15:55:15"}
{"level":"error","message":"❌ Deployment Orchestration Failed: other side closed","service":"trend-agent","timestamp":"2026-02-10 16:05:24"}
{"level":"error","message":"Pipeline: Execution encountered an error: other side closed","service":"trend-agent","timestamp":"2026-02-10 16:05:24"}
{"level":"error","message":"Failed to add liquidity: nonce too low: next nonce 42, tx nonce 41","service":"trend-agent","timestamp":"2026-02-10 16:09:47"}
{"level":"error","message":"❌ Deployment Orchestration Failed: nonce too low: next nonce 42, tx nonce 41","service":"trend-agent","timestamp":"2026-02-10 16:09:47"}
{"level":"error","message":"Pipeline: Execution encountered an error: nonce too low: next nonce 42, tx nonce 41","service":"trend-agent","timestamp":"2026-02-10 16:09:47"}
{"level":"error","message":"Failed to add liquidity: execution reverted: LOK","service":"trend-agent","timestamp":"2026-02-10 16:10:06"}
{"level":"error","message":"❌ Deployment Orchestration Failed: other side closed","service":"trend-agent","timestamp":"2026-02-10 16:12:32"}
{"level":"error","message":"Pipeline: Execution encountered an error: other side closed","service":"trend-agent","timestamp":"2026-02-10 16:12:32"}
{"level":"error","message":"❌ Deployment Orchestration Failed: this.twitter.post is not a function","service":"trend-agent","timestamp":"2026-02-10 16:13:09"}
{"level":"error","message":"Failed to add liquidity: execution reverted: LOK","service":"trend-agent","timestamp":"2026-02-10 16:15:25"}
{"level":"error","message":"❌ Deployment Orchestration Failed: execution reverted: LOK","service":"trend-agent","timestamp":"2026-02-10 16:15:25"}
{"level":"error","message":"Pipeline: Execution encountered an error: execution reverted: LOK","service":"trend-agent","timestamp":"2026-02-10 16:15:25"}
{"level":"error","message":"Failed to add liquidity: execution reverted: LOK","service":"trend-agent","timestamp":"2026-02-10 16:15:57"}
{"level":"error","message":"Failed to add liquidity: replacement transaction underpriced","service":"trend-agent","timestamp":"2026-02-11 10:37:52"}
{"level":"error","message":"❌ Deployment Orchestration Failed: replacement transaction underpriced","service":"trend-agent","timestamp":"2026-02-11 10:37:52"}
{"level":"error","message":"Pipeline: Execution encountered an error: replacement transaction underpriced","service":"trend-agent","timestamp":"2026-02-11 10:37:52"}
{"level":"error","message":"Failed to add liquidity: nonce too low: next nonce 67, tx nonce 66","service":"trend-agent","timestamp":"2026-02-11 10:38:19"}
{"level":"error","message":"StateManager: Failed to save deployment: read ECONNRESET","service":"trend-agent","timestamp":"2026-02-11 10:40:52"}
{"level":"error","message":"Pipeline: Execution encountered an error: read ECONNRESET","service":"trend-agent","timestamp":"2026-02-11 10:40:52"}
{"level":"error","message":"Failed to add liquidity: transaction execution reverted (action=\"sendTransaction\", data=null, reason=null, invocation=null, revert=null, transaction={ \"data\": \"\", \"from\": \"0x6b05AD5558AF4279794c7F0cD8FBc6d6ABa0e432\", \"to\": \"0x27F971cb582BF9E50F397e4d29a5C7A34f11faA2\" }, receipt={ \"_type\": \"TransactionReceipt\", \"blobGasPrice\": null, \"blobGasUsed\": null, \"blockHash\": \"0x0000000000000000000000000000000000000000000000000000000000000000\", \"blockNumber\": 37517297, \"contractAddress\": null, \"cumulativeGasUsed\": \"4087981\", \"from\": \"0x6b05AD5558AF4279794c7F0cD8FBc6d6ABa0e432\", \"gasPrice\": \"2531250\", \"gasUsed\": \"601341\", \"hash\": \"0xc389b5b0b2f2e28a726ea8fffa89fd2ecfcd9ffa8713196b809ff77fc0d69de9\", \"index\": 15, \"logs\": [  ], \"logsBloom\": \"0x00000000000000000000000000000000000000000000000000000000000000000000000000000000000000000000000000000000000000000000000000000000000000000000000000000000000000000000000000000000000000000000000000000000000000000000000000000000000000000000000000000000000000000000000000000000000000000000000000000000000000000000000000000000000000000000000000000000000000000000000000000000000000000000000000000000000000000000000000000000000000000000000000000000000000000000000000000000000000000000000000000000000000000000000000000000\", \"root\": null, \"status\": 0, \"to\": \"0x27F971cb582BF9E50F397e4d29a5C7A34f11faA2\" }, code=CALL_EXCEPTION, version=6.16.0)","service":"trend-agent","timestamp":"2026-02-11 10:41:20"}
{"level":"error","message":"Critical Failure during execution: getaddrinfo ENOTFOUND sepolia.base.org","service":"trend-agent","timestamp":"2026-02-11 10:56:38"}
{"level":"error","message":"Critical Failure during execution: HH110: Invalid JSON-RPC response received: error code: 521","service":"trend-agent","timestamp":"2026-02-11 10:58:42"}
{"level":"error","message":"Failed to get pool address: could not decode result data (value=\"0x\", info={ \"method\": \"getPool\", \"signature\": \"getPool(address,address,uint24)\" }, code=BAD_DATA, version=6.16.0)","service":"trend-agent","timestamp":"2026-02-11 11:01:47"}
{"level":"error","message":"❌ Deployment Orchestration Failed: could not decode result data (value=\"0x\", info={ \"method\": \"getPool\", \"signature\": \"getPool(address,address,uint24)\" }, code=BAD_DATA, version=6.16.0)","service":"trend-agent","timestamp":"2026-02-11 11:01:47"}
{"level":"error","message":"Pipeline: Execution encountered an error: could not decode result data (value=\"0x\", info={ \"method\": \"getPool\", \"signature\": \"getPool(address,address,uint24)\" }, code=BAD_DATA, version=6.16.0)","service":"trend-agent","timestamp":"2026-02-11 11:01:47"}
{"level":"error","message":"Failed to get pool address: could not decode result data (value=\"0x\", info={ \"method\": \"getPool\", \"signature\": \"getPool(address,address,uint24)\" }, code=BAD_DATA, version=6.16.0)","service":"trend-agent","timestamp":"2026-02-11 11:01:47"}
{"level":"error","message":"Critical Failure during execution: HH110: Invalid JSON-RPC response received: unknown network","service":"trend-agent","timestamp":"2026-02-11 11:03:00"}
{"level":"error","message":"StateManager: Failed to save deployment: Connection terminated unexpectedly","service":"trend-agent","timestamp":"2026-02-11 11:15:22"}
{"level":"error","message":"Pipeline: Execution encountered an error: Connection terminated unexpectedly","service":"trend-agent","timestamp":"2026-02-11 11:15:22"}
{"level":"error","message":"StateManager: Failed to save deployment: read ECONNRESET","service":"trend-agent","timestamp":"2026-02-11 11:16:13"}
{"level":"error","message":"SafetyManager: Insufficient funds for planned action.","service":"trend-agent","timestamp":"2026-02-11 11:52:16"}
{"level":"error","message":"Pipeline: Safety check failed: insufficient_funds","service":"trend-agent","timestamp":"2026-02-11 11:52:16"}
{"level":"error","message":"Pipeline: Execution encountered an error: Safety check failed: insufficient_funds","service":"trend-agent","timestamp":"2026-02-11 11:52:16"}
{"level":"error","message":"SafetyManager: Insufficient funds for planned action.","service":"trend-agent","timestamp":"2026-02-11 11:52:16"}
{"level":"error","message":"Pipeline: Safety check failed: insufficient_funds","service":"trend-agent","timestamp":"2026-02-11 11:52:16"}
{"level":"error","message":"Pipeline: Execution encountered an error: Safety check failed: insufficient_funds","service":"trend-agent","timestamp":"2026-02-11 11:52:16"}
{"level":"error","message":"SafetyManager: Insufficient funds for planned action.","service":"trend-agent","timestamp":"2026-02-11 11:52:17"}
{"level":"error","message":"SafetyManager: Insufficient funds for planned action.","service":"trend-agent","timestamp":"2026-02-11 11:52:17"}
{"level":"error","message":"OpenClawScheduler: Error executing pipeline: Command failed: npx hardhat run src/run_pipeline.js --network base\nError: Safety check failed: insufficient_funds\n    at Pipeline._runStages (C:\\Users\\USER\\Trend-\\src\\pipeline.js:73:19)\n    at processTicksAndRejections (node:internal/process/task_queues:105:5)\n    at Pipeline.execute (C:\\Users\\USER\\Trend-\\src\\pipeline.js:29:17)\n    at main (C:\\Users\\USER\\Trend-\\src\\run_pipeline.js:27:24)\n","service":"trend-agent","timestamp":"2026-02-11 11:52:17"}
{"level":"error","message":"stderr: Error: Safety check failed: insufficient_funds\n    at Pipeline._runStages (C:\\Users\\USER\\Trend-\\src\\pipeline.js:73:19)\n    at processTicksAndRejections (node:internal/process/task_queues:105:5)\n    at Pipeline.execute (C:\\Users\\USER\\Trend-\\src\\pipeline.js:29:17)\n    at main (C:\\Users\\USER\\Trend-\\src\\run_pipeline.js:27:24)\n","service":"trend-agent","timestamp":"2026-02-11 11:52:17"}
{"level":"error","message":"OpenClawScheduler: Failed to trigger Nigeria (Attempt 1/3): Command failed: npx hardhat run src/run_pipeline.js --network base\nError: Safety check failed: insufficient_funds\n    at Pipeline._runStages (C:\\Users\\USER\\Trend-\\src\\pipeline.js:73:19)\n    at processTicksAndRejections (node:internal/process/task_queues:105:5)\n    at Pipeline.execute (C:\\Users\\USER\\Trend-\\src\\pipeline.js:29:17)\n    at main (C:\\Users\\USER\\Trend-\\src\\run_pipeline.js:27:24)\n","service":"trend-agent","timestamp":"2026-02-11 11:52:17"}
{"level":"error","message":"OpenClawScheduler: Error executing pipeline: Command failed: npx hardhat run src/run_pipeline.js --network base\nError: Safety check failed: insufficient_funds\n    at Pipeline._runStages (C:\\Users\\USER\\Trend-\\src\\pipeline.js:73:19)\n    at processTicksAndRejections (node:internal/process/task_queues:105:5)\n    at Pipeline.execute (C:\\Users\\USER\\Trend-\\src\\pipeline.js:29:17)\n    at main (C:\\Users\\USER\\Trend-\\src\\run_pipeline.js:27:24)\n","service":"trend-agent","timestamp":"2026-02-11 11:52:17"}
{"level":"error","message":"stderr: Error: Safety check failed: insufficient_funds\n    at Pipeline._runStages (C:\\Users\\USER\\Trend-\\src\\pipeline.js:73:19)\n    at processTicksAndRejections (node:internal/process/task_queues:105:5)\n    at Pipeline.execute (C:\\Users\\USER\\Trend-\\src\\pipeline.js:29:17)\n    at main (C:\\Users\\USER\\Trend-\\src\\run_pipeline.js:27:24)\n","service":"trend-agent","timestamp":"2026-02-11 11:52:17"}
{"level":"error","message":"OpenClawScheduler: Failed to trigger United States (Attempt 2/3): Command failed: npx hardhat run src/run_pipeline.js --network base\nError: Safety check failed: insufficient_funds\n    at Pipeline._runStages (C:\\Users\\USER\\Trend-\\src\\pipeline.js:73:19)\n    at processTicksAndRejections (node:internal/process/task_queues:105:5)\n    at Pipeline.execute (C:\\Users\\USER\\Trend-\\src\\pipeline.js:29:17)\n    at main (C:\\Users\\USER\\Trend-\\src\\run_pipeline.js:27:24)\n","service":"trend-agent","timestamp":"2026-02-11 11:52:17"}
{"level":"error","message":"❌ Deployment Orchestration Failed: replacement transaction underpriced","service":"trend-agent","timestamp":"2026-02-11 12:00:14"}
{"level":"error","message":"Pipeline: Execution encountered an error: replacement transaction underpriced","service":"trend-agent","timestamp":"2026-02-11 12:00:14"}
{"level":"error","message":"❌ Deployment Orchestration Failed: replacement transaction underpriced","service":"trend-agent","timestamp":"2026-02-11 12:00:17"}
{"level":"error","message":"OpenClawScheduler: Error executing pipeline: Command failed: npx hardhat run src/run_pipeline.js --network baseSepolia\nProviderError: replacement transaction underpriced\n    at HttpProvider.request (C:\\Users\\USER\\Trend-\\node_modules\\hardhat\\src\\internal\\core\\providers\\http.ts:116:21)\n    at processTicksAndRejections (node:internal/process/task_queues:105:5)\n    at HardhatEthersSigner.sendTransaction (C:\\Users\\USER\\Trend-\\node_modules\\@nomicfoundation\\hardhat-ethers\\src\\signers.ts:185:18)\n    at ContractFactory.deploy (C:\\Users\\USER\\Trend-\\node_modules\\ethers\\src.ts\\contract\\factory.ts:111:24)\n    at DeploymentOrchestrator.executeDeployment (C:\\Users\\USER\\Trend-\\src\\services\\deploymentOrchestrator.js:31:27)\n    at Pipeline._runStages (C:\\Users\\USER\\Trend-\\src\\pipeline.js:78:24)\n    at Pipeline.execute (C:\\Users\\USER\\Trend-\\src\\pipeline.js:29:17)\n    at main (C:\\Users\\USER\\Trend-\\src\\run_pipeline.js:27:24)\n","service":"trend-agent","timestamp":"2026-02-11 12:00:17"}
{"level":"error","message":"stderr: ProviderError: replacement transaction underpriced\n    at HttpProvider.request (C:\\Users\\USER\\Trend-\\node_modules\\hardhat\\src\\internal\\core\\providers\\http.ts:116:21)\n    at processTicksAndRejections (node:internal/process/task_queues:105:5)\n    at HardhatEthersSigner.sendTransaction (C:\\Users\\USER\\Trend-\\node_modules\\@nomicfoundation\\hardhat-ethers\\src\\signers.ts:185:18)\n    at ContractFactory.deploy (C:\\Users\\USER\\Trend-\\node_modules\\ethers\\src.ts\\contract\\factory.ts:111:24)\n    at DeploymentOrchestrator.executeDeployment (C:\\Users\\USER\\Trend-\\src\\services\\deploymentOrchestrator.js:31:27)\n    at Pipeline._runStages (C:\\Users\\USER\\Trend-\\src\\pipeline.js:78:24)\n    at Pipeline.execute (C:\\Users\\USER\\Trend-\\src\\pipeline.js:29:17)\n    at main (C:\\Users\\USER\\Trend-\\src\\run_pipeline.js:27:24)\n","service":"trend-agent","timestamp":"2026-02-11 12:00:17"}
{"level":"error","message":"OpenClawScheduler: Failed to trigger United States (Attempt 1/3): Command failed: npx hardhat run src/run_pipeline.js --network baseSepolia\nProviderError: replacement transaction underpriced\n    at HttpProvider.request (C:\\Users\\USER\\Trend-\\node_modules\\hardhat\\src\\internal\\core\\providers\\http.ts:116:21)\n    at processTicksAndRejections (node:internal/process/task_queues:105:5)\n    at HardhatEthersSigner.sendTransaction (C:\\Users\\USER\\Trend-\\node_modules\\@nomicfoundation\\hardhat-ethers\\src\\signers.ts:185:18)\n    at ContractFactory.deploy (C:\\Users\\USER\\Trend-\\node_modules\\ethers\\src.ts\\contract\\factory.ts:111:24)\n    at DeploymentOrchestrator.executeDeployment (C:\\Users\\USER\\Trend-\\src\\services\\deploymentOrchestrator.js:31:27)\n    at Pipeline._runStages (C:\\Users\\USER\\Trend-\\src\\pipeline.js:78:24)\n    at Pipeline.execute (C:\\Users\\USER\\Trend-\\src\\pipeline.js:29:17)\n    at main (C:\\Users\\USER\\Trend-\\src\\run_pipeline.js:27:24)\n","service":"trend-agent","timestamp":"2026-02-11 12:00:17"}
{"level":"error","message":"Failed to add liquidity: execution reverted: STF","service":"trend-agent","timestamp":"2026-02-11 12:00:28"}
{"level":"error","message":"❌ Deployment Orchestration Failed: execution reverted: STF","service":"trend-agent","timestamp":"2026-02-11 12:00:28"}
{"level":"error","message":"Pipeline: Execution encountered an error: execution reverted: STF","service":"trend-agent","timestamp":"2026-02-11 12:00:28"}
{"level":"error","message":"StateManager: Failed to save deployment: read ECONNRESET","service":"trend-agent","timestamp":"2026-02-11 12:00:53"}
{"level":"error","message":"SafetyManager: Insufficient funds for planned action.","service":"trend-agent","timestamp":"2026-02-12 13:00:16"}
{"level":"error","message":"Pipeline: Safety check failed: insufficient_funds","service":"trend-agent","timestamp":"2026-02-12 13:00:16"}
{"level":"error","message":"Pipeline: Execution encountered an error: Safety check failed: insufficient_funds","service":"trend-agent","timestamp":"2026-02-12 13:00:16"}
{"level":"error","message":"SafetyManager: Insufficient funds for planned action.","service":"trend-agent","timestamp":"2026-02-12 13:00:17"}
{"level":"error","message":"OpenClawScheduler: Error executing pipeline: Command failed: npx hardhat run src/run_pipeline.js --network base\nError: Safety check failed: insufficient_funds\n    at Pipeline._runStages (C:\\Users\\USER\\Trend-\\src\\pipeline.js:73:19)\n    at processTicksAndRejections (node:internal/process/task_queues:105:5)\n    at Pipeline.execute (C:\\Users\\USER\\Trend-\\src\\pipeline.js:29:17)\n    at main (C:\\Users\\USER\\Trend-\\src\\run_pipeline.js:27:24)\n","service":"trend-agent","timestamp":"2026-02-12 13:00:17"}
{"level":"error","message":"stderr: Error: Safety check failed: insufficient_funds\n    at Pipeline._runStages (C:\\Users\\USER\\Trend-\\src\\pipeline.js:73:19)\n    at processTicksAndRejections (node:internal/process/task_queues:105:5)\n    at Pipeline.execute (C:\\Users\\USER\\Trend-\\src\\pipeline.js:29:17)\n    at main (C:\\Users\\USER\\Trend-\\src\\run_pipeline.js:27:24)\n","service":"trend-agent","timestamp":"2026-02-12 13:00:17"}
{"level":"error","message":"OpenClawScheduler: Failed to trigger Nigeria (Attempt 1/3): Command failed: npx hardhat run src/run_pipeline.js --network base\nError: Safety check failed: insufficient_funds\n    at Pipeline._runStages (C:\\Users\\USER\\Trend-\\src\\pipeline.js:73:19)\n    at processTicksAndRejections (node:internal/process/task_queues:105:5)\n    at Pipeline.execute (C:\\Users\\USER\\Trend-\\src\\pipeline.js:29:17)\n    at main (C:\\Users\\USER\\Trend-\\src\\run_pipeline.js:27:24)\n","service":"trend-agent","timestamp":"2026-02-12 13:00:17"}
{"data":{"message":"Authorization: This request looks like it might be automated. To protect our users from spam and other malicious activity, we can't complete this action right now. Please try again later. (226)","statusCode":403},"level":"error","message":"TweetAPI.com Posting Error:","service":"trend-agent","status":403,"timestamp":"2026-02-12 13:35:37"}
{"level":"error","message":"StateManager: Failed to save deployment: read ECONNRESET","service":"trend-agent","timestamp":"2026-02-12 13:35:38"}
{"data":{"error":"Unauthorized","message":"Credits is not enough.Please recharge"},"headers":{"cf-cache-status":"DYNAMIC","cf-ray":"9cd6470a4eaee3c9-LIS","connection":"keep-alive","content-length":"74","content-type":"application/json","date":"Fri, 13 Feb 2026 18:09:34 GMT","nel":"{\"report_to\":\"cf-nel\",\"success_fraction\":0.0,\"max_age\":604800}","report-to":"{\"group\":\"cf-nel\",\"max_age\":604800,\"endpoints\":[{\"url\":\"https://a.nel.cloudflare.com/report/v4?s=QObxsU7htbUrII2ZzpOO1d5wTOYxxrCbqjP34ldlAlTsouL0mh2NcurW8levfT%2FOQn2eBBMY9Awfh8lCVNx9bWuy%2F5fbzPAxSas2nFym\"}]}","server":"cloudflare","x-trace-id":"c9bd256c-2cca-4d04-856c-103965bf5965"},"level":"error","message":"TwitterAPI.io API Error:","service":"trend-agent","status":402,"timestamp":"2026-02-13 19:09:34"}
{"data":{"error":"Unauthorized","message":"Credits is not enough.Please recharge"},"headers":{"cf-cache-status":"DYNAMIC","cf-ray":"9cd6474848e1df91-LIS","connection":"keep-alive","content-length":"74","content-type":"application/json","date":"Fri, 13 Feb 2026 18:09:43 GMT","nel":"{\"report_to\":\"cf-nel\",\"success_fraction\":0.0,\"max_age\":604800}","report-to":"{\"group\":\"cf-nel\",\"max_age\":604800,\"endpoints\":[{\"url\":\"https://a.nel.cloudflare.com/report/v4?s=jBkWHZgV3tjvZYFhwrFXYjfFZJBmgx8svbQo0V3C0w25QKCYIyTc4d7GUCmWC4dXGRrZ1LNokLFkjw8gWCFiYo%2F2f5wlNhTxFjWx%2BmLy\"}]}","server":"cloudflare","x-trace-id":"cc6b8072-b297-48fe-bc58-cd203740206a"},"level":"error","message":"TwitterAPI.io API Error:","service":"trend-agent","status":402,"timestamp":"2026-02-13 19:09:44"}
